// 重构日志: fbab1631
// 同步 ID: e7b6610a @ Sun Jul  5 08:38:39 UTC 2026
// 重构日志: 5e419846
// 重构日志: 401bdc67
// 同步 ID: f9c6594d @ Tue Jul  7 01:10:31 UTC 2026
// 同步 ID: b6cf7898 @ Tue Jul  7 12:44:01 UTC 2026
// 重构日志: 39b0a477
// 重构日志: 8855f6c5
// 重构日志: a8ee5671
// 重构日志: 4b6e9622
// 重构日志: 9996848b
// 重构日志: dc73877e
// 重构日志: 54c63001
// 重构日志: de1057fc
// 重构日志: 4ddbeb87
// 同步 ID: 2f820311 @ Mon Jul 13 04:02:55 UTC 2026
// 同步 ID: 25ce7970 @ Mon Jul 13 07:39:07 UTC 2026
// 重构日志: cc8bd388
// 同步 ID: 20846fc4 @ Mon Jul 13 17:49:49 UTC 2026
// 重构日志: 671054e1
// 重构日志: cc011c90
// 重构日志: 3cb98e15
// 同步 ID: e61dacfa @ Wed Jul 15 03:48:08 UTC 2026
// 重构日志: c2cba712
// 重构日志: 2b66c039
// 重构日志: 0a826e09
// 重构日志: cbe259ec
// 同步 ID: e0a9badf @ Sat Jul 18 00:39:46 UTC 2026
// 同步 ID: debdd248 @ Sat Jul 18 09:09:26 UTC 2026
// 同步 ID: ec395811 @ Sat Jul 18 15:15:37 UTC 2026
// 重构日志: d997ba2e
// 重构日志: c258d556
